# JRE version: OpenJDK Runtime Environment (25.0.1+8) (build 25.0.1+8-27)
# Java VM: OpenJDK 64-Bit Server VM (25.0.1+8-27, mixed mode, sharing, tiered, compressed oops, compressed class ptrs, g1 gc, windows-amd64)
GC Precious Log:
 CardTable entry size: 512
 Card Set container configuration: InlinePtr #cards 5 size 8 Array Of Cards #cards 10 size 36 Howl #buckets 4 coarsen threshold 1843 Howl Bitmap #cards 512 size 80 coarsen threshold 460 Card regions per heap region 1 cards per card region 2048
 CPUs: 8 total, 8 available
 Memory: 7975M
 Large Page Support: Disabled
 NUMA Support: Disabled
 Compressed Oops: Enabled (32-bit)
 Heap Region Size: 1M
 Heap Min Capacity: 8M
 Heap Initial Capacity: 126M
 Heap Max Capacity: 1994M
 Pre-touch: Disabled
 Parallel Workers: 8
 Concurrent Workers: 2
 Concurrent Refinement Workers: 8
 Periodic GC: Disabled
Heap:
 garbage-first heap   total reserved 2041856K, committed 131072K, used 2035K [0x0000000083600000, 0x0000000100000000)
  region size 1024K, 1 young (1024K), 1 survivors (1024K)
GC Heap Usage History (20 events):
Event: 67593.722 {heap After GC invocations=10499 (full 0):
 garbage-first heap   total reserved 2041856K, committed 131072K, used 2039K [0x0000000083600000, 0x0000000100000000)
  region size 1024K, 1 young (1024K), 1 survivors (1024K)
}
Event: 67594.289 {heap Before GC invocations=10499 (full 0):
 garbage-first heap   total reserved 2041856K, committed 131072K, used 77815K [0x0000000083600000, 0x0000000100000000)
  region size 1024K, 75 young (76800K), 1 survivors (1024K)
}
Event: 67594.386 {heap After GC invocations=10500 (full 0):
 garbage-first heap   total reserved 2041856K, committed 131072K, used 2037K [0x0000000083600000, 0x0000000100000000)
  region size 1024K, 1 young (1024K), 1 survivors (1024K)
}
Event: 67594.988 {heap Before GC invocations=10500 (full 0):
 garbage-first heap   total reserved 2041856K, committed 131072K, used 77813K [0x0000000083600000, 0x0000000100000000)
  region size 1024K, 75 young (76800K), 1 survivors (1024K)
}
Event: 67594.990 {heap After GC invocations=10501 (full 0):
 garbage-first heap   total reserved 2041856K, committed 131072K, used 2039K [0x0000000083600000, 0x0000000100000000)
  region size 1024K, 1 young (1024K), 1 survivors (1024K)
}
Event: 67596.714 {heap Before GC invocations=10501 (full 0):
 garbage-first heap   total reserved 2041856K, committed 131072K, used 77815K [0x0000000083600000, 0x0000000100000000)
  region size 1024K, 75 young (76800K), 1 survivors (1024K)
}
Event: 67596.715 {heap After GC invocations=10502 (full 0):
 garbage-first heap   total reserved 2041856K, committed 131072K, used 2037K [0x0000000083600000, 0x0000000100000000)
  region size 1024K, 1 young (1024K), 1 survivors (1024K)
}
Event: 67598.839 {heap Before GC invocations=10502 (full 0):
 garbage-first heap   total reserved 2041856K, committed 131072K, used 77813K [0x0000000083600000, 0x0000000100000000)
  region size 1024K, 75 young (76800K), 1 survivors (1024K)
}
Event: 67598.839 {heap After GC invocations=10503 (full 0):
 garbage-first heap   total reserved 2041856K, committed 131072K, used 2039K [0x0000000083600000, 0x0000000100000000)
  region size 1024K, 1 young (1024K), 1 survivors (1024K)
}
Event: 67599.872 {heap Before GC invocations=10503 (full 0):
 garbage-first heap   total reserved 2041856K, committed 131072K, used 77815K [0x0000000083600000, 0x0000000100000000)
  region size 1024K, 75 young (76800K), 1 survivors (1024K)
}
Event: 67599.873 {heap After GC invocations=10504 (full 0):
 garbage-first heap   total reserved 2041856K, committed 131072K, used 2037K [0x0000000083600000, 0x0000000100000000)
  region size 1024K, 1 young (1024K), 1 survivors (1024K)
}
Event: 67600.889 {heap Before GC invocations=10504 (full 0):
 garbage-first heap   total reserved 2041856K, committed 131072K, used 77813K [0x0000000083600000, 0x0000000100000000)
  region size 1024K, 75 young (76800K), 1 survivors (1024K)
}
Event: 67600.890 {heap After GC invocations=10505 (full 0):
 garbage-first heap   total reserved 2041856K, committed 131072K, used 2037K [0x0000000083600000, 0x0000000100000000)
  region size 1024K, 1 young (1024K), 1 survivors (1024K)
}
Event: 67601.768 {heap Before GC invocations=10505 (full 0):
 garbage-first heap   total reserved 2041856K, committed 131072K, used 77813K [0x0000000083600000, 0x0000000100000000)
  region size 1024K, 75 young (76800K), 1 survivors (1024K)
}
Event: 67601.769 {heap After GC invocations=10506 (full 0):
 garbage-first heap   total reserved 2041856K, committed 131072K, used 2037K [0x0000000083600000, 0x0000000100000000)
  region size 1024K, 1 young (1024K), 1 survivors (1024K)
}
Event: 67602.811 {heap Before GC invocations=10506 (full 0):
 garbage-first heap   total reserved 2041856K, committed 131072K, used 77813K [0x0000000083600000, 0x0000000100000000)
  region size 1024K, 75 young (76800K), 1 survivors (1024K)
}
Event: 67602.811 {heap After GC invocations=10507 (full 0):
 garbage-first heap   total reserved 2041856K, committed 131072K, used 2037K [0x0000000083600000, 0x0000000100000000)
  region size 1024K, 1 young (1024K), 1 survivors (1024K)
}
Event: 67603.772 {heap Before GC invocations=10507 (full 0):
 garbage-first heap   total reserved 2041856K, committed 131072K, used 77813K [0x0000000083600000, 0x0000000100000000)
  region size 1024K, 75 young (76800K), 1 survivors (1024K)
}
Event: 67603.787 {heap After GC invocations=10508 (full 0):
 garbage-first heap   total reserved 2041856K, committed 131072K, used 2037K [0x0000000083600000, 0x0000000100000000)
  region size 1024K, 1 young (1024K), 1 survivors (1024K)
}
Event: 67604.513 {heap Before GC invocations=10508 (full 0):
 garbage-first heap   total reserved 2041856K, committed 131072K, used 77813K [0x0000000083600000, 0x0000000100000000)
  region size 1024K, 75 young (76800K), 1 survivors (1024K)
}

